<?xml version="1.0" encoding="UTF-8"?>
<testsuite xmlns:xsi="http://www.w3.org/2001/XMLSchema-instance" xsi:noNamespaceSchemaLocation="https://maven.apache.org/surefire/maven-surefire-plugin/xsd/surefire-test-report-3.0.xsd" version="3.0" name="com.hiddenstar.jju.MyBatisTest" time="0.905" tests="2" errors="0" skipped="0" failures="0">
  <properties>
    <property name="sun.desktop" value="windows"/>
    <property name="awt.toolkit" value="sun.awt.windows.WToolkit"/>
    <property name="file.encoding.pkg" value="sun.io"/>
    <property name="java.specification.version" value="1.8"/>
    <property name="sun.cpu.isalist" value="amd64"/>
    <property name="sun.jnu.encoding" value="MS949"/>
    <property name="java.class.path" value="D:\programz\j_workspace\PREC1\JJU\target\test-classes;D:\programz\j_workspace\PREC1\JJU\target\classes;C:\Users\SRPOST\.m2\repository\org\springframework\spring-context\3.1.1.RELEASE\spring-context-3.1.1.RELEASE.jar;C:\Users\SRPOST\.m2\repository\org\springframework\spring-aop\3.1.1.RELEASE\spring-aop-3.1.1.RELEASE.jar;C:\Users\SRPOST\.m2\repository\aopalliance\aopalliance\1.0\aopalliance-1.0.jar;C:\Users\SRPOST\.m2\repository\org\springframework\spring-beans\3.1.1.RELEASE\spring-beans-3.1.1.RELEASE.jar;C:\Users\SRPOST\.m2\repository\org\springframework\spring-core\3.1.1.RELEASE\spring-core-3.1.1.RELEASE.jar;C:\Users\SRPOST\.m2\repository\org\springframework\spring-expression\3.1.1.RELEASE\spring-expression-3.1.1.RELEASE.jar;C:\Users\SRPOST\.m2\repository\org\springframework\spring-asm\3.1.1.RELEASE\spring-asm-3.1.1.RELEASE.jar;C:\Users\SRPOST\.m2\repository\org\springframework\spring-webmvc\3.1.1.RELEASE\spring-webmvc-3.1.1.RELEASE.jar;C:\Users\SRPOST\.m2\repository\org\springframework\spring-context-support\3.1.1.RELEASE\spring-context-support-3.1.1.RELEASE.jar;C:\Users\SRPOST\.m2\repository\org\springframework\spring-web\3.1.1.RELEASE\spring-web-3.1.1.RELEASE.jar;C:\Users\SRPOST\.m2\repository\org\aspectj\aspectjrt\1.6.10\aspectjrt-1.6.10.jar;C:\Users\SRPOST\.m2\repository\org\slf4j\slf4j-api\1.6.6\slf4j-api-1.6.6.jar;C:\Users\SRPOST\.m2\repository\org\slf4j\jcl-over-slf4j\1.6.6\jcl-over-slf4j-1.6.6.jar;C:\Users\SRPOST\.m2\repository\org\slf4j\slf4j-log4j12\1.6.6\slf4j-log4j12-1.6.6.jar;C:\Users\SRPOST\.m2\repository\log4j\log4j\1.2.15\log4j-1.2.15.jar;C:\Users\SRPOST\.m2\repository\javax\inject\javax.inject\1\javax.inject-1.jar;C:\Users\SRPOST\.m2\repository\javax\servlet\servlet-api\2.5\servlet-api-2.5.jar;C:\Users\SRPOST\.m2\repository\javax\servlet\jsp\jsp-api\2.1\jsp-api-2.1.jar;C:\Users\SRPOST\.m2\repository\javax\servlet\jstl\1.2\jstl-1.2.jar;C:\Users\SRPOST\.m2\repository\mysql\mysql-connector-java\8.0.28\mysql-connector-java-8.0.28.jar;C:\Users\SRPOST\.m2\repository\com\google\protobuf\protobuf-java\3.11.4\protobuf-java-3.11.4.jar;C:\Users\SRPOST\.m2\repository\org\mybatis\mybatis\3.4.1\mybatis-3.4.1.jar;C:\Users\SRPOST\.m2\repository\org\mybatis\mybatis-spring\1.3.0\mybatis-spring-1.3.0.jar;C:\Users\SRPOST\.m2\repository\org\springframework\spring-jdbc\3.1.1.RELEASE\spring-jdbc-3.1.1.RELEASE.jar;C:\Users\SRPOST\.m2\repository\org\springframework\spring-tx\3.1.1.RELEASE\spring-tx-3.1.1.RELEASE.jar;C:\Users\SRPOST\.m2\repository\org\springframework\spring-test\3.1.1.RELEASE\spring-test-3.1.1.RELEASE.jar;C:\Users\SRPOST\.m2\repository\junit\junit\4.12\junit-4.12.jar;C:\Users\SRPOST\.m2\repository\org\hamcrest\hamcrest-core\1.3\hamcrest-core-1.3.jar;"/>
    <property name="java.vm.vendor" value="Oracle Corporation"/>
    <property name="sun.arch.data.model" value="64"/>
    <property name="user.variant" value=""/>
    <property name="java.vendor.url" value="http://java.oracle.com/"/>
    <property name="user.timezone" value="Asia/Seoul"/>
    <property name="java.vm.specification.version" value="1.8"/>
    <property name="os.name" value="Windows 10"/>
    <property name="user.country" value="KR"/>
    <property name="sun.java.launcher" value="SUN_STANDARD"/>
    <property name="sun.boot.library.path" value="D:\programz\Java\jdk-1.8\jre\bin"/>
    <property name="sun.java.command" value="C:\Users\SRPOST\AppData\Local\Temp\surefire3695362588554962055\surefirebooter-20250618141906837_3.jar C:\Users\SRPOST\AppData\Local\Temp\surefire3695362588554962055 2025-06-18T14-19-06_589-jvmRun1 surefire-20250618141906837_1tmp surefire_0-20250618141906837_2tmp"/>
    <property name="surefire.test.class.path" value="D:\programz\j_workspace\PREC1\JJU\target\test-classes;D:\programz\j_workspace\PREC1\JJU\target\classes;C:\Users\SRPOST\.m2\repository\org\springframework\spring-context\3.1.1.RELEASE\spring-context-3.1.1.RELEASE.jar;C:\Users\SRPOST\.m2\repository\org\springframework\spring-aop\3.1.1.RELEASE\spring-aop-3.1.1.RELEASE.jar;C:\Users\SRPOST\.m2\repository\aopalliance\aopalliance\1.0\aopalliance-1.0.jar;C:\Users\SRPOST\.m2\repository\org\springframework\spring-beans\3.1.1.RELEASE\spring-beans-3.1.1.RELEASE.jar;C:\Users\SRPOST\.m2\repository\org\springframework\spring-core\3.1.1.RELEASE\spring-core-3.1.1.RELEASE.jar;C:\Users\SRPOST\.m2\repository\org\springframework\spring-expression\3.1.1.RELEASE\spring-expression-3.1.1.RELEASE.jar;C:\Users\SRPOST\.m2\repository\org\springframework\spring-asm\3.1.1.RELEASE\spring-asm-3.1.1.RELEASE.jar;C:\Users\SRPOST\.m2\repository\org\springframework\spring-webmvc\3.1.1.RELEASE\spring-webmvc-3.1.1.RELEASE.jar;C:\Users\SRPOST\.m2\repository\org\springframework\spring-context-support\3.1.1.RELEASE\spring-context-support-3.1.1.RELEASE.jar;C:\Users\SRPOST\.m2\repository\org\springframework\spring-web\3.1.1.RELEASE\spring-web-3.1.1.RELEASE.jar;C:\Users\SRPOST\.m2\repository\org\aspectj\aspectjrt\1.6.10\aspectjrt-1.6.10.jar;C:\Users\SRPOST\.m2\repository\org\slf4j\slf4j-api\1.6.6\slf4j-api-1.6.6.jar;C:\Users\SRPOST\.m2\repository\org\slf4j\jcl-over-slf4j\1.6.6\jcl-over-slf4j-1.6.6.jar;C:\Users\SRPOST\.m2\repository\org\slf4j\slf4j-log4j12\1.6.6\slf4j-log4j12-1.6.6.jar;C:\Users\SRPOST\.m2\repository\log4j\log4j\1.2.15\log4j-1.2.15.jar;C:\Users\SRPOST\.m2\repository\javax\inject\javax.inject\1\javax.inject-1.jar;C:\Users\SRPOST\.m2\repository\javax\servlet\servlet-api\2.5\servlet-api-2.5.jar;C:\Users\SRPOST\.m2\repository\javax\servlet\jsp\jsp-api\2.1\jsp-api-2.1.jar;C:\Users\SRPOST\.m2\repository\javax\servlet\jstl\1.2\jstl-1.2.jar;C:\Users\SRPOST\.m2\repository\mysql\mysql-connector-java\8.0.28\mysql-connector-java-8.0.28.jar;C:\Users\SRPOST\.m2\repository\com\google\protobuf\protobuf-java\3.11.4\protobuf-java-3.11.4.jar;C:\Users\SRPOST\.m2\repository\org\mybatis\mybatis\3.4.1\mybatis-3.4.1.jar;C:\Users\SRPOST\.m2\repository\org\mybatis\mybatis-spring\1.3.0\mybatis-spring-1.3.0.jar;C:\Users\SRPOST\.m2\repository\org\springframework\spring-jdbc\3.1.1.RELEASE\spring-jdbc-3.1.1.RELEASE.jar;C:\Users\SRPOST\.m2\repository\org\springframework\spring-tx\3.1.1.RELEASE\spring-tx-3.1.1.RELEASE.jar;C:\Users\SRPOST\.m2\repository\org\springframework\spring-test\3.1.1.RELEASE\spring-test-3.1.1.RELEASE.jar;C:\Users\SRPOST\.m2\repository\junit\junit\4.12\junit-4.12.jar;C:\Users\SRPOST\.m2\repository\org\hamcrest\hamcrest-core\1.3\hamcrest-core-1.3.jar;"/>
    <property name="sun.cpu.endian" value="little"/>
    <property name="user.home" value="C:\Users\SRPOST"/>
    <property name="user.language" value="ko"/>
    <property name="java.specification.vendor" value="Oracle Corporation"/>
    <property name="java.home" value="D:\programz\Java\jdk-1.8\jre"/>
    <property name="basedir" value="D:\programz\j_workspace\PREC1\JJU"/>
    <property name="file.separator" value="\"/>
    <property name="line.separator" value="&#10;"/>
    <property name="java.vm.specification.vendor" value="Oracle Corporation"/>
    <property name="java.specification.name" value="Java Platform API Specification"/>
    <property name="java.awt.graphicsenv" value="sun.awt.Win32GraphicsEnvironment"/>
    <property name="surefire.real.class.path" value="C:\Users\SRPOST\AppData\Local\Temp\surefire3695362588554962055\surefirebooter-20250618141906837_3.jar"/>
    <property name="sun.boot.class.path" value="D:\programz\Java\jdk-1.8\jre\lib\resources.jar;D:\programz\Java\jdk-1.8\jre\lib\rt.jar;D:\programz\Java\jdk-1.8\jre\lib\jsse.jar;D:\programz\Java\jdk-1.8\jre\lib\jce.jar;D:\programz\Java\jdk-1.8\jre\lib\charsets.jar;D:\programz\Java\jdk-1.8\jre\lib\jfr.jar;D:\programz\Java\jdk-1.8\jre\classes"/>
    <property name="user.script" value=""/>
    <property name="sun.management.compiler" value="HotSpot 64-Bit Tiered Compilers"/>
    <property name="java.runtime.version" value="1.8.0_401-b10"/>
    <property name="user.name" value="SRPOST"/>
    <property name="path.separator" value=";"/>
    <property name="os.version" value="10.0"/>
    <property name="java.endorsed.dirs" value="D:\programz\Java\jdk-1.8\jre\lib\endorsed"/>
    <property name="java.runtime.name" value="Java(TM) SE Runtime Environment"/>
    <property name="file.encoding" value="MS949"/>
    <property name="java.vm.name" value="Java HotSpot(TM) 64-Bit Server VM"/>
    <property name="localRepository" value="C:\Users\SRPOST\.m2\repository"/>
    <property name="java.vendor.url.bug" value="http://bugreport.sun.com/bugreport/"/>
    <property name="java.io.tmpdir" value="C:\Users\SRPOST\AppData\Local\Temp\"/>
    <property name="idea.version" value="2025.1.2"/>
    <property name="java.version" value="1.8.0_401"/>
    <property name="user.dir" value="D:\programz\j_workspace\PREC1\JJU"/>
    <property name="os.arch" value="amd64"/>
    <property name="java.vm.specification.name" value="Java Virtual Machine Specification"/>
    <property name="java.awt.printerjob" value="sun.awt.windows.WPrinterJob"/>
    <property name="sun.os.patch.level" value=""/>
    <property name="java.library.path" value="D:\programz\Java\jdk-1.8\jre\bin;C:\Windows\Sun\Java\bin;C:\Windows\system32;C:\Windows;C:\Program Files\Common Files\Oracle\Java\javapath;C:\Program Files (x86)\VMware\VMware Player\bin\;D:\programz\Java\jdk-1.8\bin;C:\Windows\system32;C:\Windows;C:\Windows\System32\Wbem;C:\Windows\System32\WindowsPowerShell\v1.0\;C:\Windows\System32\OpenSSH\;C:\Program Files (x86)\Common Files\Oracle\Java\javapath;C:\Program Files\Bandizip\;C:\Program Files (x86)\NetSarang\Xshell 8\;C:\Program Files\VisualSVN Server\bin;C:\Program Files\TortoiseSVN\bin;C:\Users\SRPOST\AppData\Local\Microsoft\WindowsApps;;."/>
    <property name="java.vm.info" value="mixed mode"/>
    <property name="java.vendor" value="Oracle Corporation"/>
    <property name="java.vm.version" value="25.401-b10"/>
    <property name="java.specification.maintenance.version" value="5"/>
    <property name="java.ext.dirs" value="D:\programz\Java\jdk-1.8\jre\lib\ext;C:\Windows\Sun\Java\lib\ext"/>
    <property name="sun.io.unicode.encoding" value="UnicodeLittle"/>
    <property name="java.class.version" value="52.0"/>
  </properties>
  <testcase name="testFactory" classname="com.hiddenstar.jju.MyBatisTest" time="0.765">
    <system-out><![CDATA[INFO : org.springframework.test.context.TestContextManager - @TestExecutionListeners is not present for class [class com.hiddenstar.jju.MyBatisTest]: using defaults.
INFO : org.springframework.beans.factory.xml.XmlBeanDefinitionReader - Loading XML bean definitions from file [D:\programz\j_workspace\PREC1\JJU\src\main\webapp\WEB-INF\spring\root-context.xml]
INFO : org.springframework.context.support.GenericApplicationContext - Refreshing org.springframework.context.support.GenericApplicationContext@3fd7a715: startup date [Wed Jun 18 14:19:07 KST 2025]; root of context hierarchy
INFO : org.springframework.beans.factory.annotation.AutowiredAnnotationBeanPostProcessor - JSR-330 'javax.inject.Inject' annotation found and supported for autowiring
INFO : org.springframework.beans.factory.support.DefaultListableBeanFactory - Pre-instantiating singletons in org.springframework.beans.factory.support.DefaultListableBeanFactory@1ebd319f: defining beans [dataSource,sqlSessionFactory,org.springframework.context.annotation.internalConfigurationAnnotationProcessor,org.springframework.context.annotation.internalAutowiredAnnotationProcessor,org.springframework.context.annotation.internalRequiredAnnotationProcessor,org.springframework.context.annotation.internalCommonAnnotationProcessor,org.springframework.context.annotation.ConfigurationClassPostProcessor$ImportAwareBeanPostProcessor#0]; root of factory hierarchy
INFO : org.springframework.jdbc.datasource.DriverManagerDataSource - Loaded JDBC driver: com.mysql.cj.jdbc.Driver

 >>>>>>>>>> sqlFactory 출력 : org.apache.ibatis.session.defaults.DefaultSqlSessionFactory@4bdeaabb
]]></system-out>
  </testcase>
  <testcase name="testSession" classname="com.hiddenstar.jju.MyBatisTest" time="0.004">
    <system-out><![CDATA[ >>>>>>>>>> session 출력 : org.apache.ibatis.session.defaults.DefaultSqlSession@239a307b

]]></system-out>
  </testcase>
</testsuite>